[2023-02-10T00:41:43.843Z][QUERY]: SELECT * FROM current_schema()
[2023-02-10T00:41:43.871Z][QUERY]: SELECT version();
[2023-02-10T00:42:21.783Z][QUERY]: select * from growdevers where codigo = $1 -- PARAMETERS: [3]
[2023-02-10T00:42:27.457Z][QUERY]: select * from growdevers where codigo = $1 -- PARAMETERS: [4]
[2023-02-10T00:42:30.737Z][QUERY]: select * from growdevers order by nome
[2023-02-10T00:45:00.959Z][QUERY]: SELECT * FROM current_schema()
[2023-02-10T00:45:00.988Z][QUERY]: SELECT version();
[2023-02-10T00:45:15.657Z][QUERY]: select * from growdevers order by nome
[2023-02-10T00:45:23.190Z][QUERY]: insert into growdevers (nome) values ($1) -- PARAMETERS: ["Samir"]
[2023-02-10T00:45:27.118Z][QUERY]: select * from growdevers order by nome
[2023-02-10T00:45:59.668Z][QUERY]: SELECT * FROM current_schema()
[2023-02-10T00:45:59.695Z][QUERY]: SELECT version();
[2023-02-10T00:46:14.595Z][QUERY]: update growdevers set nome = $1 where codigo = $2 -- PARAMETERS: ["Samir Batista",8]
[2023-02-10T00:46:17.620Z][QUERY]: select * from growdevers order by nome
[2023-02-10T00:48:08.730Z][QUERY]: SELECT * FROM current_schema()
[2023-02-10T00:48:08.758Z][QUERY]: SELECT version();
[2023-02-10T00:48:24.986Z][QUERY]: insert into growdevers (nome) values ($1) returning * -- PARAMETERS: ["Gustavo"]
[2023-02-10T00:49:10.761Z][QUERY]: SELECT * FROM current_schema()
[2023-02-10T00:49:10.789Z][QUERY]: SELECT version();
[2023-02-10T00:49:18.743Z][QUERY]: insert into growdevers (nome) values ($1) returning * -- PARAMETERS: ["Edyo"]
[2023-02-10T00:49:34.696Z][QUERY]: select * from growdevers order by nome
